na fun set_(i,j) = 0,0
na fun set_(i,j) = 0,1
na fun set_(i,j) = 0,2
na fun set_(i,j) = 0,3
na fun set_(i,j) = 0,4
na fun set_(i,j) = 0,5
na fun set_(i,j) = 0,6
na fun set_(i,j) = 0,7
na fun set_(i,j) = 0,8
na fun set_(i,j) = 0,9
na fun set_(i,j) = 0,10
na fun set_(i,j) = 0,11
na fun set_(i,j) = 0,12
na fun set_(i,j) = 0,13
na fun set_(i,j) = 0,14
na fun set_(i,j) = 1,0
na fun set_(i,j) = 1,1
na fun set_(i,j) = 1,2
na fun set_(i,j) = 1,3
na fun set_(i,j) = 1,4
na fun set_(i,j) = 1,5
na fun set_(i,j) = 1,6
na fun set_(i,j) = 1,7
na fun set_(i,j) = 1,8
na fun set_(i,j) = 1,9
na fun set_(i,j) = 1,10
na fun set_(i,j) = 1,11
na fun set_(i,j) = 1,12
na fun set_(i,j) = 1,13
na fun set_(i,j) = 1,14
na fun set_(i,j) = 2,0
na fun set_(i,j) = 2,1
na fun set_(i,j) = 2,2
na fun set_(i,j) = 2,3
na fun set_(i,j) = 2,4
na fun set_(i,j) = 2,5
na fun set_(i,j) = 2,6
na fun set_(i,j) = 2,7
na fun set_(i,j) = 2,8
na fun set_(i,j) = 2,9
na fun set_(i,j) = 2,10
na fun set_(i,j) = 2,11
na fun set_(i,j) = 2,12
na fun set_(i,j) = 2,13
na fun set_(i,j) = 2,14
na fun set_(i,j) = 3,0
na fun set_(i,j) = 3,1
na fun set_(i,j) = 3,2
na fun set_(i,j) = 3,3
na fun set_(i,j) = 3,4
na fun set_(i,j) = 3,5
na fun set_(i,j) = 3,6
na fun set_(i,j) = 3,7
na fun set_(i,j) = 3,8
na fun set_(i,j) = 3,9
na fun set_(i,j) = 3,10
na fun set_(i,j) = 3,11
na fun set_(i,j) = 3,12
na fun set_(i,j) = 3,13
na fun set_(i,j) = 3,14
na fun set_(i,j) = 4,0
na fun set_(i,j) = 4,1
na fun set_(i,j) = 4,2
na fun set_(i,j) = 4,3
na fun set_(i,j) = 4,4
na fun set_(i,j) = 4,5
na fun set_(i,j) = 4,6
na fun set_(i,j) = 4,7
na fun set_(i,j) = 4,8
na fun set_(i,j) = 4,9
na fun set_(i,j) = 4,10
na fun set_(i,j) = 4,11
na fun set_(i,j) = 4,12
na fun set_(i,j) = 4,13
na fun set_(i,j) = 4,14
na fun set_(i,j) = 5,0
na fun set_(i,j) = 5,1
na fun set_(i,j) = 5,2
na fun set_(i,j) = 5,3
na fun set_(i,j) = 5,4
na fun set_(i,j) = 5,5
na fun set_(i,j) = 5,6
na fun set_(i,j) = 5,7
na fun set_(i,j) = 5,8
na fun set_(i,j) = 5,9
na fun set_(i,j) = 5,10
na fun set_(i,j) = 5,11
na fun set_(i,j) = 5,12
na fun set_(i,j) = 5,13
na fun set_(i,j) = 5,14
na fun set_(i,j) = 6,0
na fun set_(i,j) = 6,1
na fun set_(i,j) = 6,2
na fun set_(i,j) = 6,3
na fun set_(i,j) = 6,4
na fun set_(i,j) = 6,5
na fun set_(i,j) = 6,6
na fun set_(i,j) = 6,7
na fun set_(i,j) = 6,8
na fun set_(i,j) = 6,9
na fun set_(i,j) = 6,10
na fun set_(i,j) = 6,11
na fun set_(i,j) = 6,12
na fun set_(i,j) = 6,13
na fun set_(i,j) = 6,14
na fun set_(i,j) = 7,0
na fun set_(i,j) = 7,1
na fun set_(i,j) = 7,2
na fun set_(i,j) = 7,3
na fun set_(i,j) = 7,4
na fun set_(i,j) = 7,5
na fun set_(i,j) = 7,6
na fun set_(i,j) = 7,7
na fun set_(i,j) = 7,8
na fun set_(i,j) = 7,9
na fun set_(i,j) = 7,10
na fun set_(i,j) = 7,11
na fun set_(i,j) = 7,12
na fun set_(i,j) = 7,13
na fun set_(i,j) = 7,14
na fun set_(i,j) = 8,0
na fun set_(i,j) = 8,1
na fun set_(i,j) = 8,2
na fun set_(i,j) = 8,3
na fun set_(i,j) = 8,4
na fun set_(i,j) = 8,5
na fun set_(i,j) = 8,6
na fun set_(i,j) = 8,7
na fun set_(i,j) = 8,8
na fun set_(i,j) = 8,9
na fun set_(i,j) = 8,10
na fun set_(i,j) = 8,11
na fun set_(i,j) = 8,12
na fun set_(i,j) = 8,13
na fun set_(i,j) = 8,14
na fun set_(i,j) = 9,0
na fun set_(i,j) = 9,1
na fun set_(i,j) = 9,2
na fun set_(i,j) = 9,3
na fun set_(i,j) = 9,4
na fun set_(i,j) = 9,5
na fun set_(i,j) = 9,6
na fun set_(i,j) = 9,7
na fun set_(i,j) = 9,8
na fun set_(i,j) = 9,9
na fun set_(i,j) = 9,10
na fun set_(i,j) = 9,11
na fun set_(i,j) = 9,12
na fun set_(i,j) = 9,13
na fun set_(i,j) = 9,14
...............
...............
...............
...............
...............
...............
...............
...............
...............
...............
row_rand = 5, column_rand = 5
na fun set_(i,j) = 5,5
coord[0] = 5, coord[1] = 5
row_rand = 7, column_rand = 5
na fun set_(i,j) = 7,5
coord[0] = 7, coord[1] = 5
row_rand = 6, column_rand = 12
na fun set_(i,j) = 6,12
coord[0] = 6, coord[1] = 12
row_rand = 4, column_rand = 11
na fun set_(i,j) = 4,11
coord[0] = 4, coord[1] = 11
row_rand = 3, column_rand = 7
na fun set_(i,j) = 3,7
coord[0] = 3, coord[1] = 7
row_rand = 5, column_rand = 8
na fun set_(i,j) = 5,8
coord[0] = 5, coord[1] = 8
row_rand = 7, column_rand = 3
na fun set_(i,j) = 7,3
coord[0] = 7, coord[1] = 3
row_rand = 6, column_rand = 14
na fun set_(i,j) = 6,14
coord[0] = 6, coord[1] = 14
row_rand = 9, column_rand = 11
na fun set_(i,j) = 9,11
coord[0] = 9, coord[1] = 11
row_rand = 3, column_rand = 0
na fun set_(i,j) = 3,0
coord[0] = 3, coord[1] = 0


...............
...............
...............
0......0.......
...........0...
.....0..0......
............0.0
...0.0.........
...............
...........0...

...............
...............
...............
0......0.......
...........0...
.....0..0......
............0.0
...0.0.........
...............
...........0...
row_rand = 6, column_rand = 2
na fun set_(i,j) = 6,2
row_rand = 3, column_rand = 8
na fun set_(i,j) = 3,8
row_rand = 1, column_rand = 3
na fun set_(i,j) = 1,3
row_rand = 6, column_rand = 9
na fun set_(i,j) = 6,9
row_rand = 0, column_rand = 5
na fun set_(i,j) = 0,5
row_rand = 8, column_rand = 11
na fun set_(i,j) = 8,11
row_rand = 5, column_rand = 14
na fun set_(i,j) = 5,14
row_rand = 7, column_rand = 4
na fun set_(i,j) = 7,4
row_rand = 8, column_rand = 14
na fun set_(i,j) = 8,14
row_rand = 0, column_rand = 0
na fun set_(i,j) = 0,0
~....~.........
...~...........
...............
0......0~......
...........0...
.....0..0.....~
..~......~..0.0
...0~0.........
...........~..~
...........0...
row_rand = 3, column_rand = 13
na fun set_(i,j) = 3,13


heroi:
row = 3, column = 13
row_rand = 9, column_rand = 4
na fun set_(i,j) = 9,4


monster:
row = 9, column = 4

~....~.........
...~...........
...............
0......0~....G.
...........0...
.....0..0.....~
..~......~..0.0
...0~0.........
...........~..~
....M......0...


~....~.........
...~...........
...............
0......0~....G.
...........0...
.....0..0.....~
..~......~..0.0
...0~0.........
...........~..~
....M......0...
